<?xml version="1.0" encoding="UTF-8"?>
<testng-results ignored="0" total="0" passed="0" failed="0" skipped="0">
  <reporter-output>
  </reporter-output>
  <suite started-at="2024-02-20T10:38:51 GMT" name="Default suite" finished-at="2024-02-20T10:38:51 GMT" duration-ms="33">
    <groups>
    </groups>
    <test started-at="2024-02-20T10:38:51 GMT" name="Default test" finished-at="2024-02-20T10:38:51 GMT" duration-ms="33">
    </test> <!-- Default test -->
  </suite> <!-- Default suite -->
</testng-results>
